This is pdfTeX, Version 3.14159265-2.6-1.40.18 (TeX Live 2017/Debian) (preloaded format=pdflatex 2017.11.30)  1 DEC 2017 10:58
entering extended mode
 restricted \write18 enabled.
 file:line:error style messages enabled.
 %&-line parsing enabled.
**/home/kyle/Documents/University/2017-18/Uni-Machine-Learning/Inference/tex/In
ference2

(/home/kyle/Documents/University/2017-18/Uni-Machine-Learning/Inference/tex/Inf
erence2.tex
LaTeX2e <2017-04-15>
Babel <3.12> and hyphenation patterns for 84 language(s) loaded.
(/usr/share/texlive/texmf-dist/tex/latex/base/article.cls
Document Class: article 2014/09/29 v1.4h Standard LaTeX document class
(/usr/share/texlive/texmf-dist/tex/latex/base/size10.clo
File: size10.clo 2014/09/29 v1.4h Standard LaTeX file (size option)
)
\c@part=\count79
\c@section=\count80
\c@subsection=\count81
\c@subsubsection=\count82
\c@paragraph=\count83
\c@subparagraph=\count84
\c@figure=\count85
\c@table=\count86
\abovecaptionskip=\skip41
\belowcaptionskip=\skip42
\bibindent=\dimen102
)
(/usr/share/texlive/texmf-dist/tex/latex/cite/cite.sty
LaTeX Info: Redefining \cite on input line 302.
LaTeX Info: Redefining \nocite on input line 332.
Package: cite 2015/02/27  v 5.5
)
(/usr/share/texlive/texmf-dist/tex/latex/graphics/graphicx.sty
Package: graphicx 2017/06/01 v1.1a Enhanced LaTeX Graphics (DPC,SPQR)

(/usr/share/texlive/texmf-dist/tex/latex/graphics/keyval.sty
Package: keyval 2014/10/28 v1.15 key=value parser (DPC)
\KV@toks@=\toks14
)
(/usr/share/texlive/texmf-dist/tex/latex/graphics/graphics.sty
Package: graphics 2017/06/25 v1.2c Standard LaTeX Graphics (DPC,SPQR)

(/usr/share/texlive/texmf-dist/tex/latex/graphics/trig.sty
Package: trig 2016/01/03 v1.10 sin cos tan (DPC)
)
(/usr/share/texlive/texmf-dist/tex/latex/graphics-cfg/graphics.cfg
File: graphics.cfg 2016/06/04 v1.11 sample graphics configuration
)
Package graphics Info: Driver file: pdftex.def on input line 99.

(/usr/share/texlive/texmf-dist/tex/latex/graphics-def/pdftex.def
File: pdftex.def 2017/06/24 v1.0g Graphics/color driver for pdftex
))
\Gin@req@height=\dimen103
\Gin@req@width=\dimen104
)
(/usr/share/texlive/texmf-dist/tex/latex/subfig/subfig.sty
Package: subfig 2005/06/28 ver: 1.3 subfig package

(/usr/share/texlive/texmf-dist/tex/latex/caption/caption.sty
Package: caption 2016/02/21 v3.3-144 Customizing captions (AR)

(/usr/share/texlive/texmf-dist/tex/latex/caption/caption3.sty
Package: caption3 2016/05/22 v1.7-166 caption3 kernel (AR)
Package caption3 Info: TeX engine: e-TeX on input line 67.
\captionmargin=\dimen105
\captionmargin@=\dimen106
\captionwidth=\dimen107
\caption@tempdima=\dimen108
\caption@indent=\dimen109
\caption@parindent=\dimen110
\caption@hangindent=\dimen111
)
\c@ContinuedFloat=\count87
)
\c@KVtest=\count88
\sf@farskip=\skip43
\sf@captopadj=\dimen112
\sf@capskip=\skip44
\sf@nearskip=\skip45
\c@subfigure=\count89
\c@subfigure@save=\count90
\c@lofdepth=\count91
\c@subtable=\count92
\c@subtable@save=\count93
\c@lotdepth=\count94
\sf@top=\skip46
\sf@bottom=\skip47
)
(/usr/share/texlive/texmf-dist/tex/latex/url/url.sty
\Urlmuskip=\muskip10
Package: url 2013/09/16  ver 3.4  Verb mode for urls, etc.
)
(/usr/share/texlive/texmf-dist/tex/latex/amsmath/amsmath.sty
Package: amsmath 2016/11/05 v2.16a AMS math features
\@mathmargin=\skip48

For additional information on amsmath, use the `?' option.
(/usr/share/texlive/texmf-dist/tex/latex/amsmath/amstext.sty
Package: amstext 2000/06/29 v2.01 AMS text

(/usr/share/texlive/texmf-dist/tex/latex/amsmath/amsgen.sty
File: amsgen.sty 1999/11/30 v2.0 generic functions
\@emptytoks=\toks15
\ex@=\dimen113
))
(/usr/share/texlive/texmf-dist/tex/latex/amsmath/amsbsy.sty
Package: amsbsy 1999/11/29 v1.2d Bold Symbols
\pmbraise@=\dimen114
)
(/usr/share/texlive/texmf-dist/tex/latex/amsmath/amsopn.sty
Package: amsopn 2016/03/08 v2.02 operator names
)
\inf@bad=\count95
LaTeX Info: Redefining \frac on input line 213.
\uproot@=\count96
\leftroot@=\count97
LaTeX Info: Redefining \overline on input line 375.
\classnum@=\count98
\DOTSCASE@=\count99
LaTeX Info: Redefining \ldots on input line 472.
LaTeX Info: Redefining \dots on input line 475.
LaTeX Info: Redefining \cdots on input line 596.
\Mathstrutbox@=\box26
\strutbox@=\box27
\big@size=\dimen115
LaTeX Font Info:    Redeclaring font encoding OML on input line 712.
LaTeX Font Info:    Redeclaring font encoding OMS on input line 713.
\macc@depth=\count100
\c@MaxMatrixCols=\count101
\dotsspace@=\muskip11
\c@parentequation=\count102
\dspbrk@lvl=\count103
\tag@help=\toks16
\row@=\count104
\column@=\count105
\maxfields@=\count106
\andhelp@=\toks17
\eqnshift@=\dimen116
\alignsep@=\dimen117
\tagshift@=\dimen118
\tagwidth@=\dimen119
\totwidth@=\dimen120
\lineht@=\dimen121
\@envbody=\toks18
\multlinegap=\skip49
\multlinetaggap=\skip50
\mathdisplay@stack=\toks19
LaTeX Info: Redefining \[ on input line 2817.
LaTeX Info: Redefining \] on input line 2818.
)
(/usr/share/texlive/texmf-dist/tex/latex/xcolor/xcolor.sty
Package: xcolor 2016/05/11 v2.12 LaTeX color extensions (UK)

(/usr/share/texlive/texmf-dist/tex/latex/graphics-cfg/color.cfg
File: color.cfg 2016/01/02 v1.6 sample color configuration
)
Package xcolor Info: Driver file: pdftex.def on input line 225.
Package xcolor Info: Model `cmy' substituted by `cmy0' on input line 1348.
Package xcolor Info: Model `hsb' substituted by `rgb' on input line 1352.
Package xcolor Info: Model `RGB' extended on input line 1364.
Package xcolor Info: Model `HTML' substituted by `rgb' on input line 1366.
Package xcolor Info: Model `Hsb' substituted by `hsb' on input line 1367.
Package xcolor Info: Model `tHsb' substituted by `hsb' on input line 1368.
Package xcolor Info: Model `HSB' substituted by `hsb' on input line 1369.
Package xcolor Info: Model `Gray' substituted by `gray' on input line 1370.
Package xcolor Info: Model `wave' substituted by `hsb' on input line 1371.
)
(/usr/share/texlive/texmf-dist/tex/latex/hyperref/hyperref.sty
Package: hyperref 2017/03/14 v6.85a Hypertext links for LaTeX

(/usr/share/texlive/texmf-dist/tex/generic/oberdiek/hobsub-hyperref.sty
Package: hobsub-hyperref 2016/05/16 v1.14 Bundle oberdiek, subset hyperref (HO)


(/usr/share/texlive/texmf-dist/tex/generic/oberdiek/hobsub-generic.sty
Package: hobsub-generic 2016/05/16 v1.14 Bundle oberdiek, subset generic (HO)
Package: hobsub 2016/05/16 v1.14 Construct package bundles (HO)
Package: infwarerr 2016/05/16 v1.4 Providing info/warning/error messages (HO)
Package: ltxcmds 2016/05/16 v1.23 LaTeX kernel commands for general use (HO)
Package: ifluatex 2016/05/16 v1.4 Provides the ifluatex switch (HO)
Package ifluatex Info: LuaTeX not detected.
Package: ifvtex 2016/05/16 v1.6 Detect VTeX and its facilities (HO)
Package ifvtex Info: VTeX not detected.
Package: intcalc 2016/05/16 v1.2 Expandable calculations with integers (HO)
Package: ifpdf 2017/03/15 v3.2 Provides the ifpdf switch
Package: etexcmds 2016/05/16 v1.6 Avoid name clashes with e-TeX commands (HO)
Package etexcmds Info: Could not find \expanded.
(etexcmds)             That can mean that you are not using pdfTeX 1.50 or
(etexcmds)             that some package has redefined \expanded.
(etexcmds)             In the latter case, load this package earlier.
Package: kvsetkeys 2016/05/16 v1.17 Key value parser (HO)
Package: kvdefinekeys 2016/05/16 v1.4 Define keys (HO)
Package: pdftexcmds 2017/03/19 v0.25 Utility functions of pdfTeX for LuaTeX (HO
)
Package pdftexcmds Info: LuaTeX not detected.
Package pdftexcmds Info: \pdf@primitive is available.
Package pdftexcmds Info: \pdf@ifprimitive is available.
Package pdftexcmds Info: \pdfdraftmode found.
Package: pdfescape 2016/05/16 v1.14 Implements pdfTeX's escape features (HO)
Package: bigintcalc 2016/05/16 v1.4 Expandable calculations on big integers (HO
)
Package: bitset 2016/05/16 v1.2 Handle bit-vector datatype (HO)
Package: uniquecounter 2016/05/16 v1.3 Provide unlimited unique counter (HO)
)
Package hobsub Info: Skipping package `hobsub' (already loaded).
Package: letltxmacro 2016/05/16 v1.5 Let assignment for LaTeX macros (HO)
Package: hopatch 2016/05/16 v1.3 Wrapper for package hooks (HO)
Package: xcolor-patch 2016/05/16 xcolor patch
Package: atveryend 2016/05/16 v1.9 Hooks at the very end of document (HO)
Package atveryend Info: \enddocument detected (standard20110627).
Package: atbegshi 2016/06/09 v1.18 At begin shipout hook (HO)
Package: refcount 2016/05/16 v3.5 Data extraction from label references (HO)
Package: hycolor 2016/05/16 v1.8 Color options for hyperref/bookmark (HO)
)
(/usr/share/texlive/texmf-dist/tex/generic/ifxetex/ifxetex.sty
Package: ifxetex 2010/09/12 v0.6 Provides ifxetex conditional
)
(/usr/share/texlive/texmf-dist/tex/latex/oberdiek/auxhook.sty
Package: auxhook 2016/05/16 v1.4 Hooks for auxiliary files (HO)
)
(/usr/share/texlive/texmf-dist/tex/latex/oberdiek/kvoptions.sty
Package: kvoptions 2016/05/16 v3.12 Key value format for package options (HO)
)
\@linkdim=\dimen122
\Hy@linkcounter=\count107
\Hy@pagecounter=\count108

(/usr/share/texlive/texmf-dist/tex/latex/hyperref/pd1enc.def
File: pd1enc.def 2017/03/14 v6.85a Hyperref: PDFDocEncoding definition (HO)
)
\Hy@SavedSpaceFactor=\count109

(/usr/share/texlive/texmf-dist/tex/latex/latexconfig/hyperref.cfg
File: hyperref.cfg 2002/06/06 v1.2 hyperref configuration of TeXLive
)
Package hyperref Info: Option `colorlinks' set `true' on input line 4374.
Package hyperref Info: Hyper figures OFF on input line 4498.
Package hyperref Info: Link nesting OFF on input line 4503.
Package hyperref Info: Hyper index ON on input line 4506.
Package hyperref Info: Plain pages OFF on input line 4513.
Package hyperref Info: Backreferencing OFF on input line 4518.
Package hyperref Info: Implicit mode ON; LaTeX internals redefined.
Package hyperref Info: Bookmarks ON on input line 4751.
\c@Hy@tempcnt=\count110
LaTeX Info: Redefining \url on input line 5104.
\XeTeXLinkMargin=\dimen123
\Fld@menulength=\count111
\Field@Width=\dimen124
\Fld@charsize=\dimen125
Package hyperref Info: Hyper figures OFF on input line 6358.
Package hyperref Info: Link nesting OFF on input line 6363.
Package hyperref Info: Hyper index ON on input line 6366.
Package hyperref Info: backreferencing OFF on input line 6373.
Package hyperref Info: Link coloring ON on input line 6376.
Package hyperref Info: Link coloring with OCG OFF on input line 6383.
Package hyperref Info: PDF/A mode OFF on input line 6388.
LaTeX Info: Redefining \ref on input line 6428.
LaTeX Info: Redefining \pageref on input line 6432.
\Hy@abspage=\count112
\c@Item=\count113
\c@Hfootnote=\count114
)

Package hyperref Message: Driver (autodetected): hpdftex.

(/usr/share/texlive/texmf-dist/tex/latex/hyperref/hpdftex.def
File: hpdftex.def 2017/03/14 v6.85a Hyperref driver for pdfTeX
\Fld@listcount=\count115
\c@bookmark@seq@number=\count116

(/usr/share/texlive/texmf-dist/tex/latex/oberdiek/rerunfilecheck.sty
Package: rerunfilecheck 2016/05/16 v1.8 Rerun checks for auxiliary files (HO)
Package uniquecounter Info: New unique counter `rerunfilecheck' on input line 2
82.
)
\Hy@SectionHShift=\skip51
)
(./Inference2.aux)
\openout1 = `Inference2.aux'.

LaTeX Font Info:    Checking defaults for OML/cmm/m/it on input line 35.
LaTeX Font Info:    ... okay on input line 35.
LaTeX Font Info:    Checking defaults for T1/cmr/m/n on input line 35.
LaTeX Font Info:    ... okay on input line 35.
LaTeX Font Info:    Checking defaults for OT1/cmr/m/n on input line 35.
LaTeX Font Info:    ... okay on input line 35.
LaTeX Font Info:    Checking defaults for OMS/cmsy/m/n on input line 35.
LaTeX Font Info:    ... okay on input line 35.
LaTeX Font Info:    Checking defaults for OMX/cmex/m/n on input line 35.
LaTeX Font Info:    ... okay on input line 35.
LaTeX Font Info:    Checking defaults for U/cmr/m/n on input line 35.
LaTeX Font Info:    ... okay on input line 35.
LaTeX Font Info:    Checking defaults for PD1/pdf/m/n on input line 35.
LaTeX Font Info:    ... okay on input line 35.

(/usr/share/texlive/texmf-dist/tex/context/base/mkii/supp-pdf.mkii
[Loading MPS to PDF converter (version 2006.09.02).]
\scratchcounter=\count117
\scratchdimen=\dimen126
\scratchbox=\box28
\nofMPsegments=\count118
\nofMParguments=\count119
\everyMPshowfont=\toks20
\MPscratchCnt=\count120
\MPscratchDim=\dimen127
\MPnumerator=\count121
\makeMPintoPDFobject=\count122
\everyMPtoPDFconversion=\toks21
) (/usr/share/texlive/texmf-dist/tex/latex/oberdiek/epstopdf-base.sty
Package: epstopdf-base 2016/05/15 v2.6 Base part for package epstopdf

(/usr/share/texlive/texmf-dist/tex/latex/oberdiek/grfext.sty
Package: grfext 2016/05/16 v1.2 Manage graphics extensions (HO)
)
Package epstopdf-base Info: Redefining graphics rule for `.eps' on input line 4
38.
Package grfext Info: Graphics extension search list:
(grfext)             [.pdf,.png,.jpg,.mps,.jpeg,.jbig2,.jb2,.PDF,.PNG,.JPG,.JPE
G,.JBIG2,.JB2,.eps]
(grfext)             \AppendGraphicsExtensions on input line 456.

(/usr/share/texlive/texmf-dist/tex/latex/latexconfig/epstopdf-sys.cfg
File: epstopdf-sys.cfg 2010/07/13 v1.3 Configuration of (r)epstopdf for TeX Liv
e
))
Package caption Info: Begin \AtBeginDocument code.
Package caption Info: subfig package v1.3 is loaded.
Package caption Info: hyperref package is loaded.
Package caption Info: End \AtBeginDocument code.
\AtBeginShipoutBox=\box29
Package hyperref Info: Link coloring ON on input line 35.

(/usr/share/texlive/texmf-dist/tex/latex/hyperref/nameref.sty
Package: nameref 2016/05/21 v2.44 Cross-referencing by name of section

(/usr/share/texlive/texmf-dist/tex/generic/oberdiek/gettitlestring.sty
Package: gettitlestring 2016/05/16 v1.5 Cleanup title references (HO)
)
\c@section@level=\count123
)
LaTeX Info: Redefining \ref on input line 35.
LaTeX Info: Redefining \pageref on input line 35.
LaTeX Info: Redefining \nameref on input line 35.

(./Inference2.out) (./Inference2.out)
\@outlinefile=\write3
\openout3 = `Inference2.out'.


Overfull \hbox (35.57529pt too wide) in paragraph at lines 40--40
 [][] 
 []

<q1noise05.png, id=4, 1862.96pt x 559.08875pt>
File: q1noise05.png Graphic file (type png)
<use q1noise05.png>
Package pdftex.def Info: q1noise05.png  used on input line 49. on input line 49
.
Package pdftex.def Info: Requested size: 130.08731pt x 39.03783pt on input line
 49.
<q1noise05sp.png, id=6, 1862.96pt x 559.08875pt>
File: q1noise05sp.png Graphic file (type png)
<use q1noise05sp.png>
Package pdftex.def Info: q1noise05sp.png  used on input line 49. on input line 
49.
Package pdftex.def Info: Requested size: 130.08731pt x 39.03783pt on input line
 49.
<output_3_1.png, id=7, 1862.96pt x 559.08875pt>
File: output_3_1.png Graphic file (type png)
<use output_3_1.png>
Package pdftex.def Info: output_3_1.png  used on input line 55. on input line 5
5.
Package pdftex.def Info: Requested size: 130.08731pt x 39.03783pt on input line
 55.
<output_3_3.png, id=8, 1862.96pt x 559.08875pt>
File: output_3_3.png Graphic file (type png)
<use output_3_3.png>
Package pdftex.def Info: output_3_3.png  used on input line 55. on input line 5
5.
Package pdftex.def Info: Requested size: 130.08731pt x 39.03783pt on input line
 55.
<q1noise09g.png, id=9, 1862.96pt x 559.08875pt>
File: q1noise09g.png Graphic file (type png)
<use q1noise09g.png>
Package pdftex.def Info: q1noise09g.png  used on input line 61. on input line 6
1.
Package pdftex.def Info: Requested size: 130.08731pt x 39.03783pt on input line
 61.
<q1noise09sp.png, id=10, 1862.96pt x 559.08875pt>
File: q1noise09sp.png Graphic file (type png)
<use q1noise09sp.png>
Package pdftex.def Info: q1noise09sp.png  used on input line 61. on input line 
61.
Package pdftex.def Info: Requested size: 130.08731pt x 39.03783pt on input line
 61.

Overfull \hbox (12.6419pt too wide) in paragraph at lines 49--62
 [][][][][][] 
 []

Missing character: There is no ‚ in font cmr10!
Missing character: There is no Ä in font cmr10!
Missing character: There is no ô in font cmr10!
<q2noise05g.png, id=11, 1862.96pt x 559.08875pt>
File: q2noise05g.png Graphic file (type png)
<use q2noise05g.png>
Package pdftex.def Info: q2noise05g.png  used on input line 74. on input line 7
4.
Package pdftex.def Info: Requested size: 130.08731pt x 39.03783pt on input line
 74.
<q2noise05sp.png, id=12, 1862.96pt x 559.08875pt>
File: q2noise05sp.png Graphic file (type png)
<use q2noise05sp.png>
Package pdftex.def Info: q2noise05sp.png  used on input line 74. on input line 
74.
Package pdftex.def Info: Requested size: 130.08731pt x 39.03783pt on input line
 74.
<output_7_0.png, id=13, 1862.96pt x 559.08875pt>
File: output_7_0.png Graphic file (type png)
<use output_7_0.png>
Package pdftex.def Info: output_7_0.png  used on input line 80. on input line 8
0.
Package pdftex.def Info: Requested size: 130.08731pt x 39.03783pt on input line
 80.
<output_7_2.png, id=14, 1862.96pt x 559.08875pt>
File: output_7_2.png Graphic file (type png)
<use output_7_2.png>
Package pdftex.def Info: output_7_2.png  used on input line 80. on input line 8
0.
Package pdftex.def Info: Requested size: 130.08731pt x 39.03783pt on input line
 80.
<q2noise09g.png, id=15, 1862.96pt x 559.08875pt>
File: q2noise09g.png Graphic file (type png)
<use q2noise09g.png>
Package pdftex.def Info: q2noise09g.png  used on input line 86. on input line 8
6.
Package pdftex.def Info: Requested size: 130.08731pt x 39.03783pt on input line
 86.
<q2noise09sp.png, id=16, 1862.96pt x 559.08875pt>
File: q2noise09sp.png Graphic file (type png)
<use q2noise09sp.png>
Package pdftex.def Info: q2noise09sp.png  used on input line 86. on input line 
86.
Package pdftex.def Info: Requested size: 130.08731pt x 39.03783pt on input line
 86.

Overfull \hbox (12.6419pt too wide) in paragraph at lines 74--87
 [][][][][][] 
 []

<output_7_1.png, id=18, 1862.96pt x 559.08875pt>
File: output_7_1.png Graphic file (type png)
<use output_7_1.png>
Package pdftex.def Info: output_7_1.png  used on input line 95. on input line 9
5.
Package pdftex.def Info: Requested size: 216.81pt x 65.0659pt on input line 95.

[1

{/var/lib/texmf/fonts/map/pdftex/updmap/pdftex.map} <./q1noise05.png> <./q1nois
e05sp.png> <./output_3_1.png> <./output_3_3.png> <./q1noise09g.png> <./q1noise0
9sp.png> <./q2noise05g.png> <./q2noise05sp.png> <./output_7_0.png> <./output_7_
2.png> <./q2noise09g.png> <./q2noise09sp.png>]
<output_8_1.png, id=50, 1862.96pt x 559.08875pt>
File: output_8_1.png Graphic file (type png)
<use output_8_1.png>
Package pdftex.def Info: output_8_1.png  used on input line 109. on input line 
109.
Package pdftex.def Info: Requested size: 216.81pt x 65.0659pt on input line 109
.
<output_8_5.png, id=51, 1862.96pt x 559.08875pt>
File: output_8_5.png Graphic file (type png)
<use output_8_5.png>
Package pdftex.def Info: output_8_5.png  used on input line 109. on input line 
109.
Package pdftex.def Info: Requested size: 216.81pt x 65.0659pt on input line 109
.
<output_8_3.png, id=52, 1862.96pt x 559.08875pt>
File: output_8_3.png Graphic file (type png)
<use output_8_3.png>
Package pdftex.def Info: output_8_3.png  used on input line 112. on input line 
112.
Package pdftex.def Info: Requested size: 216.81pt x 65.0659pt on input line 112
.

Overfull \hbox (25.33331pt too wide) in paragraph at lines 109--113
 [][][][] 
 []


Overfull \hbox (3.86986pt too wide) in paragraph at lines 128--128
\OT1/cmr/m/n/10 cific case where we fix $\OML/cmm/m/it/10 p\OT1/cmr/m/n/10 (\OM
L/cmm/m/it/10 x\OT1/cmr/m/n/10 ) = 0\OML/cmm/m/it/10 ; q\OT1/cmr/m/n/10 (\OML/c
mm/m/it/10 x\OT1/cmr/m/n/10 ) \OML/cmm/m/it/10 > \OT1/cmr/m/n/10 0$. Us-ing the
 def-i-ni-tion of the KL Di-ver-gence, $\OML/cmm/m/it/10 KL\OT1/cmr/m/n/10 (\OM
L/cmm/m/it/10 q\OT1/cmr/m/n/10 (\OML/cmm/m/it/10 x\OT1/cmr/m/n/10 )\OMS/cmsy/m/
n/10 jj\OML/cmm/m/it/10 p\OT1/cmr/m/n/10 (\OML/cmm/m/it/10 x\OT1/cmr/m/n/10 )) 
=
 []

[2 <./output_7_1.png> <./output_8_1.png> <./output_8_5.png> <./output_8_3.png>]
<output_10_0.png, id=69, 1862.96pt x 559.08875pt>
File: output_10_0.png Graphic file (type png)
<use output_10_0.png>
Package pdftex.def Info: output_10_0.png  used on input line 142. on input line
 142.
Package pdftex.def Info: Requested size: 216.81pt x 65.0659pt on input line 142
.
<output_10_1.png, id=70, 1862.96pt x 559.08875pt>
File: output_10_1.png Graphic file (type png)
<use output_10_1.png>
Package pdftex.def Info: output_10_1.png  used on input line 143. on input line
 143.
Package pdftex.def Info: Requested size: 216.81pt x 65.0659pt on input line 143
.

LaTeX Warning: `h' float specifier changed to `ht'.

<output_12_1.png, id=72, 1864.9675pt x 499.8675pt>
File: output_12_1.png Graphic file (type png)
<use output_12_1.png>
Package pdftex.def Info: output_12_1.png  used on input line 156. on input line
 156.
Package pdftex.def Info: Requested size: 216.81pt x 58.10518pt on input line 15
6.
<output_14_0.png, id=73, 1870.99pt x 349.305pt>
File: output_14_0.png Graphic file (type png)
<use output_14_0.png>
Package pdftex.def Info: output_14_0.png  used on input line 157. on input line
 157.
Package pdftex.def Info: Requested size: 216.81pt x 40.4757pt on input line 157
.

LaTeX Warning: `h' float specifier changed to `ht'.

Missing character: There is no ‚ in font cmr10!
Missing character: There is no Ä in font cmr10!
Missing character: There is no ú in font cmr10!
Missing character: There is no ‚ in font cmr10!
Missing character: There is no Ä in font cmr10!
Missing character: There is no ù in font cmr10!
Missing character: There is no ‚ in font cmr10!
Missing character: There is no Ä in font cmr10!
Missing character: There is no ô in font cmr10!
[3]
<plt0.png, id=92, 2312.64pt x 1734.48pt>
File: plt0.png Graphic file (type png)
<use plt0.png>
Package pdftex.def Info: plt0.png  used on input line 181. on input line 181.
Package pdftex.def Info: Requested size: 130.08731pt x 97.55367pt on input line
 181.
<plt5.png, id=93, 2312.64pt x 1734.48pt>
File: plt5.png Graphic file (type png)
<use plt5.png>
Package pdftex.def Info: plt5.png  used on input line 184. on input line 184.
Package pdftex.def Info: Requested size: 130.08731pt x 97.55367pt on input line
 184.
<plt10.png, id=94, 2312.64pt x 1734.48pt>
File: plt10.png Graphic file (type png)
<use plt10.png>
Package pdftex.def Info: plt10.png  used on input line 187. on input line 187.
Package pdftex.def Info: Requested size: 130.08731pt x 97.55367pt on input line
 187.


LaTeX Warning: `h' float specifier changed to `ht'.

[4 <./output_10_0.png> <./output_10_1.png> <./output_12_1.png> <./output_14_0.p
ng>]
Package atveryend Info: Empty hook `BeforeClearDocument' on input line 210.
 [5 <./plt0.png> <./plt5.png> <./plt10.png>]
Package atveryend Info: Empty hook `AfterLastShipout' on input line 210.
 (./Inference2.aux)
Package atveryend Info: Executing hook `AtVeryEndDocument' on input line 210.
Package atveryend Info: Executing hook `AtEndAfterFileList' on input line 210.
Package rerunfilecheck Info: File `Inference2.out' has not changed.
(rerunfilecheck)             Checksum: D41D8CD98F00B204E9800998ECF8427E;0.
Package atveryend Info: Empty hook `AtVeryVeryEnd' on input line 210.
 ) 
Here is how much of TeX's memory you used:
 7461 strings out of 492990
 111295 string characters out of 6135004
 206146 words of memory out of 5000000
 10912 multiletter control sequences out of 15000+600000
 8576 words of font info for 32 fonts, out of 8000000 for 9000
 1141 hyphenation exceptions out of 8191
 44i,14n,49p,734b,441s stack positions out of 5000i,500n,10000p,200000b,80000s
</usr/share/texlive/texmf-dist/fonts/type1/public/amsfonts/cm/cmbx12.pfb></us
r/share/texlive/texmf-dist/fonts/type1/public/amsfonts/cm/cmex10.pfb></usr/shar
e/texlive/texmf-dist/fonts/type1/public/amsfonts/cm/cmmi10.pfb></usr/share/texl
ive/texmf-dist/fonts/type1/public/amsfonts/cm/cmmi7.pfb></usr/share/texlive/tex
mf-dist/fonts/type1/public/amsfonts/cm/cmr10.pfb></usr/share/texlive/texmf-dist
/fonts/type1/public/amsfonts/cm/cmr12.pfb></usr/share/texlive/texmf-dist/fonts/
type1/public/amsfonts/cm/cmr17.pfb></usr/share/texlive/texmf-dist/fonts/type1/p
ublic/amsfonts/cm/cmr7.pfb></usr/share/texlive/texmf-dist/fonts/type1/public/am
sfonts/cm/cmr8.pfb></usr/share/texlive/texmf-dist/fonts/type1/public/amsfonts/c
m/cmsy10.pfb></usr/share/texlive/texmf-dist/fonts/type1/public/amsfonts/cm/cmsy
7.pfb></usr/share/texlive/texmf-dist/fonts/type1/public/amsfonts/cm/cmtt10.pfb>

Output written on Inference2.pdf (5 pages, 1810843 bytes).
PDF statistics:
 171 PDF objects out of 1000 (max. 8388607)
 104 compressed objects within 2 object streams
 37 named destinations out of 1000 (max. 500000)
 116 words of extra memory for PDF output out of 10000 (max. 10000000)

